<?xml version="1.0" encoding="UTF-8"?>
<testng-results ignored="0" total="1" passed="1" failed="0" skipped="0">
  <reporter-output>
  </reporter-output>
  <suite started-at="2024-08-27T18:32:19 IST" name="Default suite" finished-at="2024-08-27T18:32:20 IST" duration-ms="351">
    <groups>
    </groups>
    <test started-at="2024-08-27T18:32:19 IST" name="Default test" finished-at="2024-08-27T18:32:20 IST" duration-ms="351">
      <class name="LoginUsingDataPro">
        <test-method signature="method1()[pri:0, instance:LoginUsingDataPro@21fd5faa]" started-at="2024-08-27T18:32:19 IST" name="method1" finished-at="2024-08-27T18:32:19 IST" duration-ms="112" status="PASS">
          <reporter-output>
          </reporter-output>
        </test-method> <!-- method1 -->
      </class> <!-- LoginUsingDataPro -->
    </test> <!-- Default test -->
  </suite> <!-- Default suite -->
</testng-results>
